
VAIO	Sun Apr 21 20:39:13 2024
	ib_util init failed, UDFs can't be used - looks like firebird misconfigured
	
	C:\testecrud\bin/ib_util.dll library has not been found
	C:\testecrud\ib_util.dll library has not been found
	ib_util.dll library has not been found


VAIO	Sun Apr 21 20:41:37 2024
	ib_util init failed, UDFs can't be used - looks like firebird misconfigured
	
	C:\testecrud\bin/ib_util.dll library has not been found
	C:\testecrud\ib_util.dll library has not been found
	ib_util.dll library has not been found


VAIO	Sun Apr 21 20:42:07 2024
	ib_util init failed, UDFs can't be used - looks like firebird misconfigured
	
	C:\testecrud\bin/ib_util.dll library has not been found
	C:\testecrud\ib_util.dll library has not been found
	ib_util.dll library has not been found


VAIO	Sun Apr 21 20:44:21 2024
	ib_util init failed, UDFs can't be used - looks like firebird misconfigured
	
	C:\testecrud\bin/ib_util.dll library has not been found
	C:\testecrud\ib_util.dll library has not been found
	ib_util.dll library has not been found


VAIO	Sun Apr 21 20:46:24 2024
	ib_util init failed, UDFs can't be used - looks like firebird misconfigured
	
	C:\testecrud\bin/ib_util.dll library has not been found
	C:\testecrud\ib_util.dll library has not been found
	ib_util.dll library has not been found


VAIO	Sun Apr 21 20:46:41 2024
	ib_util init failed, UDFs can't be used - looks like firebird misconfigured
	
	C:\testecrud\bin/ib_util.dll library has not been found
	C:\testecrud\ib_util.dll library has not been found
	ib_util.dll library has not been found


VAIO	Sun Apr 21 20:47:56 2024
	ib_util init failed, UDFs can't be used - looks like firebird misconfigured
	
	C:\testecrud\bin/ib_util.dll library has not been found
	C:\testecrud\ib_util.dll library has not been found
	ib_util.dll library has not been found


VAIO	Sun Apr 21 20:49:10 2024
	ib_util init failed, UDFs can't be used - looks like firebird misconfigured
	
	C:\testecrud\bin/ib_util.dll library has not been found
	C:\testecrud\ib_util.dll library has not been found
	ib_util.dll library has not been found


VAIO	Sun Apr 21 20:51:25 2024
	ib_util init failed, UDFs can't be used - looks like firebird misconfigured
	
	C:\testecrud\bin/ib_util.dll library has not been found
	C:\testecrud\ib_util.dll library has not been found
	ib_util.dll library has not been found


VAIO	Sun Apr 21 20:52:00 2024
	ib_util init failed, UDFs can't be used - looks like firebird misconfigured
	
	C:\testecrud\bin/ib_util.dll library has not been found
	C:\testecrud\ib_util.dll library has not been found
	ib_util.dll library has not been found


VAIO	Sun Apr 21 20:55:13 2024
	ib_util init failed, UDFs can't be used - looks like firebird misconfigured
	
	C:\testecrud\bin/ib_util.dll library has not been found
	C:\testecrud\ib_util.dll library has not been found
	ib_util.dll library has not been found


VAIO	Sun Apr 21 21:09:00 2024
	ib_util init failed, UDFs can't be used - looks like firebird misconfigured
	
	C:\testecrud\bin/ib_util.dll library has not been found
	C:\testecrud\ib_util.dll library has not been found
	ib_util.dll library has not been found


VAIO	Sun Apr 21 21:10:16 2024
	ib_util init failed, UDFs can't be used - looks like firebird misconfigured
	
	C:\testecrud\bin/ib_util.dll library has not been found
	C:\testecrud\ib_util.dll library has not been found
	ib_util.dll library has not been found


VAIO	Sun Apr 21 21:13:18 2024
	ib_util init failed, UDFs can't be used - looks like firebird misconfigured
	
	C:\testecrud\bin/ib_util.dll library has not been found
	C:\testecrud\ib_util.dll library has not been found
	ib_util.dll library has not been found


VAIO	Sun Apr 21 21:14:53 2024
	ib_util init failed, UDFs can't be used - looks like firebird misconfigured
	
	C:\testecrud\bin/ib_util.dll library has not been found
	C:\testecrud\ib_util.dll library has not been found
	ib_util.dll library has not been found


VAIO	Sun Apr 21 21:15:46 2024
	ib_util init failed, UDFs can't be used - looks like firebird misconfigured
	
	C:\testecrud\bin/ib_util.dll library has not been found
	C:\testecrud\ib_util.dll library has not been found
	ib_util.dll library has not been found


VAIO	Sun Apr 21 21:16:32 2024
	ib_util init failed, UDFs can't be used - looks like firebird misconfigured
	
	C:\testecrud\bin/ib_util.dll library has not been found
	C:\testecrud\ib_util.dll library has not been found
	ib_util.dll library has not been found


VAIO	Sun Apr 21 21:18:26 2024
	ib_util init failed, UDFs can't be used - looks like firebird misconfigured
	
	C:\testecrud\bin/ib_util.dll library has not been found
	C:\testecrud\ib_util.dll library has not been found
	ib_util.dll library has not been found


VAIO	Sun Apr 21 21:19:52 2024
	ib_util init failed, UDFs can't be used - looks like firebird misconfigured
	
	C:\testecrud\bin/ib_util.dll library has not been found
	C:\testecrud\ib_util.dll library has not been found
	ib_util.dll library has not been found


VAIO	Sun Apr 21 21:20:41 2024
	ib_util init failed, UDFs can't be used - looks like firebird misconfigured
	
	C:\testecrud\bin/ib_util.dll library has not been found
	C:\testecrud\ib_util.dll library has not been found
	ib_util.dll library has not been found


VAIO	Sun Apr 21 21:22:09 2024
	ib_util init failed, UDFs can't be used - looks like firebird misconfigured
	
	C:\testecrud\bin/ib_util.dll library has not been found
	C:\testecrud\ib_util.dll library has not been found
	ib_util.dll library has not been found


VAIO	Sun Apr 21 21:23:44 2024
	ib_util init failed, UDFs can't be used - looks like firebird misconfigured
	
	C:\testecrud\bin/ib_util.dll library has not been found
	C:\testecrud\ib_util.dll library has not been found
	ib_util.dll library has not been found


VAIO	Sun Apr 21 21:27:05 2024
	ib_util init failed, UDFs can't be used - looks like firebird misconfigured
	
	C:\testecrud\bin/ib_util.dll library has not been found
	C:\testecrud\ib_util.dll library has not been found
	ib_util.dll library has not been found


VAIO	Sun Apr 21 21:30:21 2024
	ib_util init failed, UDFs can't be used - looks like firebird misconfigured
	
	C:\testecrud\bin/ib_util.dll library has not been found
	C:\testecrud\ib_util.dll library has not been found
	ib_util.dll library has not been found


VAIO	Sun Apr 21 21:31:00 2024
	ib_util init failed, UDFs can't be used - looks like firebird misconfigured
	
	C:\testecrud\bin/ib_util.dll library has not been found
	C:\testecrud\ib_util.dll library has not been found
	ib_util.dll library has not been found


VAIO	Sun Apr 21 21:31:35 2024
	ib_util init failed, UDFs can't be used - looks like firebird misconfigured
	
	C:\testecrud\bin/ib_util.dll library has not been found
	C:\testecrud\ib_util.dll library has not been found
	ib_util.dll library has not been found


VAIO	Sun Apr 21 21:32:13 2024
	ib_util init failed, UDFs can't be used - looks like firebird misconfigured
	
	C:\testecrud\bin/ib_util.dll library has not been found
	C:\testecrud\ib_util.dll library has not been found
	ib_util.dll library has not been found


VAIO	Sun Apr 21 21:32:44 2024
	ib_util init failed, UDFs can't be used - looks like firebird misconfigured
	
	C:\testecrud\bin/ib_util.dll library has not been found
	C:\testecrud\ib_util.dll library has not been found
	ib_util.dll library has not been found


VAIO	Sun Apr 21 21:33:19 2024
	ib_util init failed, UDFs can't be used - looks like firebird misconfigured
	
	C:\testecrud\bin/ib_util.dll library has not been found
	C:\testecrud\ib_util.dll library has not been found
	ib_util.dll library has not been found


VAIO	Sun Apr 21 21:34:11 2024
	ib_util init failed, UDFs can't be used - looks like firebird misconfigured
	
	C:\testecrud\bin/ib_util.dll library has not been found
	C:\testecrud\ib_util.dll library has not been found
	ib_util.dll library has not been found


VAIO	Sun Apr 21 21:34:47 2024
	ib_util init failed, UDFs can't be used - looks like firebird misconfigured
	
	C:\testecrud\bin/ib_util.dll library has not been found
	C:\testecrud\ib_util.dll library has not been found
	ib_util.dll library has not been found


VAIO	Sun Apr 21 21:35:28 2024
	ib_util init failed, UDFs can't be used - looks like firebird misconfigured
	
	C:\testecrud\bin/ib_util.dll library has not been found
	C:\testecrud\ib_util.dll library has not been found
	ib_util.dll library has not been found


VAIO	Sun Apr 21 21:35:47 2024
	ib_util init failed, UDFs can't be used - looks like firebird misconfigured
	
	C:\testecrud\bin/ib_util.dll library has not been found
	C:\testecrud\ib_util.dll library has not been found
	ib_util.dll library has not been found


VAIO	Sun Apr 21 21:36:28 2024
	ib_util init failed, UDFs can't be used - looks like firebird misconfigured
	
	C:\testecrud\bin/ib_util.dll library has not been found
	C:\testecrud\ib_util.dll library has not been found
	ib_util.dll library has not been found


VAIO	Sun Apr 21 21:39:50 2024
	ib_util init failed, UDFs can't be used - looks like firebird misconfigured
	
	C:\testecrud\bin/ib_util.dll library has not been found
	C:\testecrud\ib_util.dll library has not been found
	ib_util.dll library has not been found


VAIO	Sun Apr 21 21:41:50 2024
	ib_util init failed, UDFs can't be used - looks like firebird misconfigured
	
	C:\testecrud\bin/ib_util.dll library has not been found
	C:\testecrud\ib_util.dll library has not been found
	ib_util.dll library has not been found


VAIO	Sun Apr 21 21:42:55 2024
	ib_util init failed, UDFs can't be used - looks like firebird misconfigured
	
	C:\testecrud\bin/ib_util.dll library has not been found
	C:\testecrud\ib_util.dll library has not been found
	ib_util.dll library has not been found


VAIO	Sun Apr 21 21:50:01 2024
	ib_util init failed, UDFs can't be used - looks like firebird misconfigured
	
	C:\testecrud\bin/ib_util.dll library has not been found
	C:\testecrud\ib_util.dll library has not been found
	ib_util.dll library has not been found


VAIO	Sun Apr 21 21:51:25 2024
	ib_util init failed, UDFs can't be used - looks like firebird misconfigured
	
	C:\testecrud\bin/ib_util.dll library has not been found
	C:\testecrud\ib_util.dll library has not been found
	ib_util.dll library has not been found


VAIO	Sun Apr 21 21:54:00 2024
	ib_util init failed, UDFs can't be used - looks like firebird misconfigured
	
	C:\testecrud\bin/ib_util.dll library has not been found
	C:\testecrud\ib_util.dll library has not been found
	ib_util.dll library has not been found


VAIO	Sun Apr 21 22:00:11 2024
	ib_util init failed, UDFs can't be used - looks like firebird misconfigured
	
	C:\testecrud\bin/ib_util.dll library has not been found
	C:\testecrud\ib_util.dll library has not been found
	ib_util.dll library has not been found


VAIO	Sun Apr 21 22:01:38 2024
	ib_util init failed, UDFs can't be used - looks like firebird misconfigured
	
	C:\testecrud\bin/ib_util.dll library has not been found
	C:\testecrud\ib_util.dll library has not been found
	ib_util.dll library has not been found


VAIO	Sun Apr 21 22:02:40 2024
	ib_util init failed, UDFs can't be used - looks like firebird misconfigured
	
	C:\testecrud\bin/ib_util.dll library has not been found
	C:\testecrud\ib_util.dll library has not been found
	ib_util.dll library has not been found


VAIO	Sun Apr 21 22:06:28 2024
	ib_util init failed, UDFs can't be used - looks like firebird misconfigured
	
	C:\testecrud\bin/ib_util.dll library has not been found
	C:\testecrud\ib_util.dll library has not been found
	ib_util.dll library has not been found


VAIO	Sun Apr 21 22:06:52 2024
	ib_util init failed, UDFs can't be used - looks like firebird misconfigured
	
	C:\testecrud\bin/ib_util.dll library has not been found
	C:\testecrud\ib_util.dll library has not been found
	ib_util.dll library has not been found

